0 info it worked if it ends with ok
1 verbose cli [ 'C:\\Program Files\\nodejs\\\\node.exe',
1 verbose cli   'C:\\Program Files\\nodejs\\node_modules\\npm\\bin\\npm-cli.js',
1 verbose cli   'install',
1 verbose cli   'angular-bootstrap',
1 verbose cli   '~0.11.0' ]
2 info using npm@1.4.28
3 info using node@v0.10.32
4 verbose node symlink C:\Program Files\nodejs\\node.exe
5 verbose readDependencies using package.json deps
6 verbose cache add [ 'angular-bootstrap', null ]
7 verbose cache add name=undefined spec="angular-bootstrap" args=["angular-bootstrap",null]
8 verbose parsed url { protocol: null,
8 verbose parsed url   slashes: null,
8 verbose parsed url   auth: null,
8 verbose parsed url   host: null,
8 verbose parsed url   port: null,
8 verbose parsed url   hostname: null,
8 verbose parsed url   hash: null,
8 verbose parsed url   search: null,
8 verbose parsed url   query: null,
8 verbose parsed url   pathname: 'angular-bootstrap',
8 verbose parsed url   path: 'angular-bootstrap',
8 verbose parsed url   href: 'angular-bootstrap' }
9 verbose cache add [ '~0.11.0', null ]
10 verbose cache add name=undefined spec="~0.11.0" args=["~0.11.0",null]
11 verbose parsed url { protocol: null,
11 verbose parsed url   slashes: null,
11 verbose parsed url   auth: null,
11 verbose parsed url   host: null,
11 verbose parsed url   port: null,
11 verbose parsed url   hostname: null,
11 verbose parsed url   hash: null,
11 verbose parsed url   search: null,
11 verbose parsed url   query: null,
11 verbose parsed url   pathname: '~0.11.0',
11 verbose parsed url   path: '~0.11.0',
11 verbose parsed url   href: '~0.11.0' }
12 silly lockFile 75c42a0c-angular-bootstrap angular-bootstrap
13 verbose lock angular-bootstrap C:\Users\Maigo\AppData\Roaming\npm-cache\75c42a0c-angular-bootstrap.lock
14 silly lockFile 3418402e-0-11-0 ~0.11.0
15 verbose lock ~0.11.0 C:\Users\Maigo\AppData\Roaming\npm-cache\3418402e-0-11-0.lock
16 silly lockFile 75c42a0c-angular-bootstrap angular-bootstrap
17 silly lockFile 75c42a0c-angular-bootstrap angular-bootstrap
18 silly lockFile 3418402e-0-11-0 ~0.11.0
19 silly lockFile 3418402e-0-11-0 ~0.11.0
20 verbose addNamed [ 'angular-bootstrap', '' ]
21 verbose addNamed [ null, '*' ]
22 silly lockFile eebb98d0-angular-bootstrap angular-bootstrap@
23 verbose lock angular-bootstrap@ C:\Users\Maigo\AppData\Roaming\npm-cache\eebb98d0-angular-bootstrap.lock
24 verbose addNamed [ '~0.11.0', '' ]
25 verbose addNamed [ null, '*' ]
26 silly lockFile d0c5d35b-0-11-0 ~0.11.0@
27 verbose lock ~0.11.0@ C:\Users\Maigo\AppData\Roaming\npm-cache\d0c5d35b-0-11-0.lock
28 silly addNameRange { name: 'angular-bootstrap', range: '*', hasData: false }
29 verbose request where is /angular-bootstrap
30 verbose request registry https://registry.npmjs.org/
31 verbose request id e160184e2652620c
32 verbose url raw /angular-bootstrap
33 verbose url resolving [ 'https://registry.npmjs.org/', './angular-bootstrap' ]
34 verbose url resolved https://registry.npmjs.org/angular-bootstrap
35 verbose request where is https://registry.npmjs.org/angular-bootstrap
36 info trying registry request attempt 1 at 10:35:36
37 verbose etag "AB9OWRSIY1FCRNS8ZU30GTKA4"
38 http GET https://registry.npmjs.org/angular-bootstrap
39 silly addNameRange { name: '~0.11.0', range: '*', hasData: false }
40 verbose request where is /~0.11.0
41 verbose request registry https://registry.npmjs.org/
42 verbose url raw /~0.11.0
43 verbose url resolving [ 'https://registry.npmjs.org/', './~0.11.0' ]
44 verbose url resolved https://registry.npmjs.org/~0.11.0
45 verbose request where is https://registry.npmjs.org/~0.11.0
46 info trying registry request attempt 1 at 10:35:36
47 http GET https://registry.npmjs.org/~0.11.0
48 http 404 https://registry.npmjs.org/~0.11.0
49 verbose headers { date: 'Tue, 02 Dec 2014 08:35:29 GMT',
49 verbose headers   server: 'CouchDB/1.5.0 (Erlang OTP/R16B03)',
49 verbose headers   'content-type': 'application/json',
49 verbose headers   'cache-control': 'max-age=0',
49 verbose headers   'content-length': '52',
49 verbose headers   'accept-ranges': 'bytes',
49 verbose headers   via: '1.1 varnish',
49 verbose headers   age: '0',
49 verbose headers   'x-served-by': 'cache-fra1222-FRA',
49 verbose headers   'x-cache': 'MISS',
49 verbose headers   'x-cache-hits': '0',
49 verbose headers   'x-timer': 'S1417509329.183895,VS0,VE170',
49 verbose headers   'keep-alive': 'timeout=10, max=50',
49 verbose headers   connection: 'Keep-Alive' }
50 silly registry.get cb [ 404,
50 silly registry.get   { date: 'Tue, 02 Dec 2014 08:35:29 GMT',
50 silly registry.get     server: 'CouchDB/1.5.0 (Erlang OTP/R16B03)',
50 silly registry.get     'content-type': 'application/json',
50 silly registry.get     'cache-control': 'max-age=0',
50 silly registry.get     'content-length': '52',
50 silly registry.get     'accept-ranges': 'bytes',
50 silly registry.get     via: '1.1 varnish',
50 silly registry.get     age: '0',
50 silly registry.get     'x-served-by': 'cache-fra1222-FRA',
50 silly registry.get     'x-cache': 'MISS',
50 silly registry.get     'x-cache-hits': '0',
50 silly registry.get     'x-timer': 'S1417509329.183895,VS0,VE170',
50 silly registry.get     'keep-alive': 'timeout=10, max=50',
50 silly registry.get     connection: 'Keep-Alive' } ]
51 silly lockFile d0c5d35b-0-11-0 ~0.11.0@
52 silly lockFile d0c5d35b-0-11-0 ~0.11.0@
53 http 304 https://registry.npmjs.org/angular-bootstrap
54 silly registry.get cb [ 304,
54 silly registry.get   { date: 'Tue, 02 Dec 2014 08:35:29 GMT',
54 silly registry.get     server: 'Apache',
54 silly registry.get     via: '1.1 varnish',
54 silly registry.get     'last-modified': 'Tue, 02 Dec 2014 08:35:29 GMT',
54 silly registry.get     'cache-control': 'max-age=60',
54 silly registry.get     etag: '"AB9OWRSIY1FCRNS8ZU30GTKA4"',
54 silly registry.get     age: '0',
54 silly registry.get     'x-served-by': 'cache-fra1222-FRA',
54 silly registry.get     'x-cache': 'HIT',
54 silly registry.get     'x-cache-hits': '1',
54 silly registry.get     'x-timer': 'S1417509329.183082,VS0,VE719',
54 silly registry.get     vary: 'Accept',
54 silly registry.get     'content-length': '0',
54 silly registry.get     'keep-alive': 'timeout=10, max=50',
54 silly registry.get     connection: 'Keep-Alive' } ]
55 verbose etag https://registry.npmjs.org/angular-bootstrap from cache
56 silly addNameRange number 2 { name: 'angular-bootstrap', range: '*', hasData: true }
57 silly addNameRange versions [ 'angular-bootstrap', [ '0.11.0' ] ]
58 verbose addNamed [ 'angular-bootstrap', '0.11.0' ]
59 verbose addNamed [ '0.11.0', '0.11.0' ]
60 silly lockFile 9b8dd201-angular-bootstrap-0-11-0 angular-bootstrap@0.11.0
61 verbose lock angular-bootstrap@0.11.0 C:\Users\Maigo\AppData\Roaming\npm-cache\9b8dd201-angular-bootstrap-0-11-0.lock
62 silly lockFile 9b8dd201-angular-bootstrap-0-11-0 angular-bootstrap@0.11.0
63 silly lockFile 9b8dd201-angular-bootstrap-0-11-0 angular-bootstrap@0.11.0
64 silly lockFile eebb98d0-angular-bootstrap angular-bootstrap@
65 silly lockFile eebb98d0-angular-bootstrap angular-bootstrap@
66 error 404 404 Not Found: ~0.11.0
66 error 404
66 error 404 '~0.11.0' is not in the npm registry.
66 error 404 You should bug the author to publish it
66 error 404 It was specified as a dependency of 'angular-demo'
66 error 404
66 error 404 Note that you can also install from a
66 error 404 tarball, folder, or http url, or git url.
67 error System Windows_NT 6.2.9200
68 error command "C:\\Program Files\\nodejs\\\\node.exe" "C:\\Program Files\\nodejs\\node_modules\\npm\\bin\\npm-cli.js" "install" "angular-bootstrap" "~0.11.0"
69 error cwd C:\_SOURCES\grails-scaffold-angular\src\templates\scaffold\frontend\static
70 error node -v v0.10.32
71 error npm -v 1.4.28
72 error code E404
73 verbose exit [ 1, true ]
